<?xml version="1.0" encoding="UTF-8"?>
<!-- Generated by org.testng.reporters.JUnitReportReporter -->
<testsuite hostname="WKWEJ8440038" failures="0" tests="3" name="api.test.APITest" time="3.743" errors="0" timestamp="2024-03-19T17:44:46 IST" skipped="0">
  <testcase classname="api.test.APITest" name="testPostUser" time="2.996"/>
  <testcase classname="api.test.APITest" name="testUpdateUserByName" time="0.399"/>
  <testcase classname="api.test.APITest" name="testDeleteUserByName" time="0.348"/>
</testsuite> <!-- api.test.APITest -->
